<?xml version="1.0" encoding="UTF-8"?>
<testsuite name="com.beyondh.cases.member.MemberCases" tests="22" skipped="0" failures="0" errors="0" timestamp="2017-11-10T06:22:41" hostname="BeyondTest-01" time="12.676">
  <properties/>
  <testcase name="acquireMemberPointCase[0]({&quot;MemberId&quot;:&quot;101517429&quot;,&quot;Point&quot;:6185,&quot;Remark&quot;:&quot;AcquirePointCase&quot;,&quot;CreateTime&quot;:&quot;2017-11-10 14:22:41&quot;,&quot;CreateBy&quot;:&quot;superadmin&quot;,&quot;OrgId&quot;:660247752032257,&quot;PointWay&quot;:&quot;11&quot;,&quot;PointChannel&quot;:&quot;A&quot;}, 5574833310518526037706871141)" classname="com.beyondh.cases.member.MemberCases" time="1.186"/>
  <testcase name="acquireMemberPointCase[1]({&quot;MemberId&quot;:&quot;101517429&quot;,&quot;Point&quot;:5786,&quot;Remark&quot;:&quot;AcquirePointCase&quot;,&quot;CreateTime&quot;:&quot;2017-11-10 14:22:41&quot;,&quot;CreateBy&quot;:&quot;superadmin&quot;,&quot;OrgId&quot;:660247752032257,&quot;PointWay&quot;:&quot;0&quot;,&quot;PointChannel&quot;:&quot;A&quot;}, 5574833310518526037706871141)" classname="com.beyondh.cases.member.MemberCases" time="0.411"/>
  <testcase name="acquireMemberPointCase[2]({&quot;MemberId&quot;:&quot;101517429&quot;,&quot;Point&quot;:5847,&quot;Remark&quot;:&quot;AcquirePointCase&quot;,&quot;CreateTime&quot;:&quot;2017-11-10 14:22:41&quot;,&quot;CreateBy&quot;:&quot;superadmin&quot;,&quot;OrgId&quot;:660247752032257,&quot;PointWay&quot;:&quot;3&quot;,&quot;PointChannel&quot;:&quot;A&quot;}, 5574833310518526037706871141)" classname="com.beyondh.cases.member.MemberCases" time="0.411"/>
  <testcase name="acquireMemberPointCase[3]({&quot;MemberId&quot;:&quot;101517429&quot;,&quot;Point&quot;:3022,&quot;Remark&quot;:&quot;AcquirePointCase&quot;,&quot;CreateTime&quot;:&quot;2017-11-10 14:22:41&quot;,&quot;CreateBy&quot;:&quot;superadmin&quot;,&quot;OrgId&quot;:660247752032257,&quot;PointWay&quot;:&quot;4&quot;,&quot;PointChannel&quot;:&quot;A&quot;}, 5574833310518526037706871141)" classname="com.beyondh.cases.member.MemberCases" time="0.415"/>
  <testcase name="acquireValueCase[0]({&quot;MemberId&quot;:&quot;101517429&quot;,&quot;Value&quot;:13,&quot;Remark&quot;:&quot;AcquireValueCase&quot;,&quot;OrgId&quot;:660247752032257,&quot;MoneyWay&quot;:&quot;D&quot;,&quot;MoneyChannel&quot;:&quot;A&quot;}, 5574833310518526037706871141)" classname="com.beyondh.cases.member.MemberCases" time="0.766"/>
  <testcase name="consumeMemberPointCase[0]({&quot;MemberId&quot;:&quot;101517429&quot;,&quot;Point&quot;:9,&quot;Remark&quot;:&quot;氦岔绰疙氖鸵剖卫怖慌&quot;,&quot;CreateTime&quot;:&quot;2017-11-10 14:22:44&quot;,&quot;CreateBy&quot;:&quot;superadmin&quot;,&quot;OrgId&quot;:660247752032257,&quot;PointWay&quot;:&quot;0&quot;,&quot;PointChannel&quot;:&quot;A&quot;}, 5574833310518526037706871141)" classname="com.beyondh.cases.member.MemberCases" time="0.676"/>
  <testcase name="consumeMemberPointCase[1]({&quot;MemberId&quot;:&quot;101517429&quot;,&quot;Point&quot;:72,&quot;Remark&quot;:&quot;绒镁汹适雄体抬苏氮艘纶&quot;,&quot;CreateTime&quot;:&quot;2017-11-10 14:22:44&quot;,&quot;CreateBy&quot;:&quot;superadmin&quot;,&quot;OrgId&quot;:660247752032257,&quot;PointWay&quot;:&quot;2&quot;,&quot;PointChannel&quot;:&quot;A&quot;}, 5574833310518526037706871141)" classname="com.beyondh.cases.member.MemberCases" time="0.426"/>
  <testcase name="consumeMemberPointCase[2]({&quot;MemberId&quot;:&quot;101517429&quot;,&quot;Point&quot;:71,&quot;Remark&quot;:&quot;越塞拇蛋据酒量乍菩侠呈菏&quot;,&quot;CreateTime&quot;:&quot;2017-11-10 14:22:44&quot;,&quot;CreateBy&quot;:&quot;superadmin&quot;,&quot;OrgId&quot;:660247752032257,&quot;PointWay&quot;:&quot;3&quot;,&quot;PointChannel&quot;:&quot;A&quot;}, 5574833310518526037706871141)" classname="com.beyondh.cases.member.MemberCases" time="0.427"/>
  <testcase name="consumeMemberPointCase[3]({&quot;MemberId&quot;:&quot;101517429&quot;,&quot;Point&quot;:16,&quot;Remark&quot;:&quot;涤值羌问遥影幕齐滥戏匙辽艇&quot;,&quot;CreateTime&quot;:&quot;2017-11-10 14:22:44&quot;,&quot;CreateBy&quot;:&quot;superadmin&quot;,&quot;OrgId&quot;:660247752032257,&quot;PointWay&quot;:&quot;4&quot;,&quot;PointChannel&quot;:&quot;A&quot;}, 5574833310518526037706871141)" classname="com.beyondh.cases.member.MemberCases" time="0.456"/>
  <testcase name="consumeMemberPointCase[4]({&quot;MemberId&quot;:&quot;101517429&quot;,&quot;Point&quot;:19,&quot;Remark&quot;:&quot;惟荧娟驶袱蹈卉擞或束裤罩货推&quot;,&quot;CreateTime&quot;:&quot;2017-11-10 14:22:44&quot;,&quot;CreateBy&quot;:&quot;superadmin&quot;,&quot;OrgId&quot;:660247752032257,&quot;PointWay&quot;:&quot;5&quot;,&quot;PointChannel&quot;:&quot;A&quot;}, 5574833310518526037706871141)" classname="com.beyondh.cases.member.MemberCases" time="0.42"/>
  <testcase name="consumeMemberPointCase[5]({&quot;MemberId&quot;:&quot;101517429&quot;,&quot;Point&quot;:28,&quot;Remark&quot;:&quot;炕濒酚掠适采秉臼涛客澈汾漠亏焊&quot;,&quot;CreateTime&quot;:&quot;2017-11-10 14:22:44&quot;,&quot;CreateBy&quot;:&quot;superadmin&quot;,&quot;OrgId&quot;:660247752032257,&quot;PointWay&quot;:&quot;6&quot;,&quot;PointChannel&quot;:&quot;A&quot;}, 5574833310518526037706871141)" classname="com.beyondh.cases.member.MemberCases" time="0.425"/>
  <testcase name="consumeMemberPointCase[6]({&quot;MemberId&quot;:&quot;101517429&quot;,&quot;Point&quot;:54,&quot;Remark&quot;:&quot;厢框筏猛哇锹砂槐波措谢嘶栏寇如渣&quot;,&quot;CreateTime&quot;:&quot;2017-11-10 14:22:44&quot;,&quot;CreateBy&quot;:&quot;superadmin&quot;,&quot;OrgId&quot;:660247752032257,&quot;PointWay&quot;:&quot;7&quot;,&quot;PointChannel&quot;:&quot;A&quot;}, 5574833310518526037706871141)" classname="com.beyondh.cases.member.MemberCases" time="0.429"/>
  <testcase name="consumeMemberPointCase[7]({&quot;MemberId&quot;:&quot;101517429&quot;,&quot;Point&quot;:39,&quot;Remark&quot;:&quot;荡蓟擅开晶位院马给屋宏菩狙役辕相账&quot;,&quot;CreateTime&quot;:&quot;2017-11-10 14:22:44&quot;,&quot;CreateBy&quot;:&quot;superadmin&quot;,&quot;OrgId&quot;:660247752032257,&quot;PointWay&quot;:&quot;9&quot;,&quot;PointChannel&quot;:&quot;A&quot;}, 5574833310518526037706871141)" classname="com.beyondh.cases.member.MemberCases" time="0.407"/>
  <testcase name="consumeMemberPointCase[8]({&quot;MemberId&quot;:&quot;101517429&quot;,&quot;Point&quot;:50,&quot;Remark&quot;:&quot;孽历疼晕混妒愉禹赫踏仗痹框韵心即佬藩&quot;,&quot;CreateTime&quot;:&quot;2017-11-10 14:22:44&quot;,&quot;CreateBy&quot;:&quot;superadmin&quot;,&quot;OrgId&quot;:660247752032257,&quot;PointWay&quot;:&quot;10&quot;,&quot;PointChannel&quot;:&quot;A&quot;}, 5574833310518526037706871141)" classname="com.beyondh.cases.member.MemberCases" time="0.404"/>
  <testcase name="consumeMemberPointCase[9]({&quot;MemberId&quot;:&quot;101517429&quot;,&quot;Point&quot;:72,&quot;Remark&quot;:&quot;涯诀粉潦衰卢咆糟案十整科雀函圾唆狞酞垫&quot;,&quot;CreateTime&quot;:&quot;2017-11-10 14:22:44&quot;,&quot;CreateBy&quot;:&quot;superadmin&quot;,&quot;OrgId&quot;:660247752032257,&quot;PointWay&quot;:&quot;11&quot;,&quot;PointChannel&quot;:&quot;A&quot;}, 5574833310518526037706871141)" classname="com.beyondh.cases.member.MemberCases" time="0.417"/>
  <testcase name="exchangeGiftCase[0]({&quot;MemberId&quot;:&quot;101517429&quot;,&quot;OrgId&quot;:660247752032257,&quot;Recipients&quot;:&quot;华鹤轩&quot;,&quot;Remark&quot;:&quot;ExchangeGiftCase&quot;}, 5574833310518526037706871141)" classname="com.beyondh.cases.member.MemberCases" time="0.839"/>
  <testcase name="getGiftItemsCase[0]({&quot;FromPoint&quot;:0,&quot;ToPoint&quot;:1000,&quot;PageIndex&quot;:1,&quot;PageSize&quot;:1000}, [Ljava.lang.String;@737e2f51)" classname="com.beyondh.cases.member.MemberCases" time="0.086"/>
  <testcase name="getGiftItemsCase[1]({&quot;FromPoint&quot;:0,&quot;ToPoint&quot;:20,&quot;GiftCategory&quot;:&quot;Toy&quot;,&quot;PageIndex&quot;:1,&quot;PageSize&quot;:1000}, [Ljava.lang.String;@c30f8a3)" classname="com.beyondh.cases.member.MemberCases" time="0.076"/>
  <testcase name="getGiftItemsCase[2]({&quot;FromPoint&quot;:20,&quot;ToPoint&quot;:100,&quot;GiftCategory&quot;:&quot;Present&quot;,&quot;PageIndex&quot;:1,&quot;PageSize&quot;:1000}, [Ljava.lang.String;@16732fbb)" classname="com.beyondh.cases.member.MemberCases" time="0.078"/>
  <testcase name="registerMembersCase[0]({&quot;Name&quot;:&quot;疏那则儡&quot;,&quot;Mobile&quot;:&quot;13010626066&quot;,&quot;IdType&quot;:&quot;C01&quot;,&quot;IdNo&quot;:&quot;266526923547318168&quot;,&quot;MemberLevel&quot;:&quot;A&quot;,&quot;Password&quot;:&quot;p@ssw0rd&quot;})" classname="com.beyondh.cases.member.MemberCases" time="1.887"/>
  <testcase name="registerMembersCase[1]({&quot;Name&quot;:&quot;表务铂簇&quot;,&quot;Mobile&quot;:&quot;13000429217&quot;,&quot;IdType&quot;:&quot;C01&quot;,&quot;IdNo&quot;:&quot;167640658332931202&quot;,&quot;MemberLevel&quot;:&quot;A&quot;,&quot;Password&quot;:&quot;p@ssw0rd&quot;,&quot;OpenId&quot;:&quot;8109820142893058414397940868&quot;})" classname="com.beyondh.cases.member.MemberCases" time="1.03"/>
  <testcase name="registerMembersCase[2]({&quot;Name&quot;:&quot;骨皇胡屿&quot;,&quot;Mobile&quot;:&quot;13087952286&quot;,&quot;IdType&quot;:&quot;C01&quot;,&quot;IdNo&quot;:&quot;273061738542098713&quot;,&quot;MemberLevel&quot;:&quot;A&quot;,&quot;SalesId&quot;:&quot;superadmin&quot;,&quot;Password&quot;:&quot;p@ssw0rd&quot;,&quot;Question&quot;:&quot;臃页瓣握玲颈造刻漓稽&quot;,&quot;Answer&quot;:&quot;沥中喉炒&quot;,&quot;OpenId&quot;:&quot;1911402138092213780051778578&quot;})" classname="com.beyondh.cases.member.MemberCases" time="0.975"/>
  <system-out><![CDATA[]]></system-out>
  <system-err><![CDATA[]]></system-err>
</testsuite>
